<?xml version="1.0" encoding="UTF-8"?>
<!-- Generated by org.testng.reporters.JUnitXMLReporter -->
<testsuite ignored="0" hostname="DESKTOP-7SBKKJ1" failures="12" tests="49" name="UAT_SIP2" time="250.276" errors="0" timestamp="2025-02-24T14:56:17 IST">
  <testcase classname="UAT_SIP2.Dealer_User_Login" name="Dealer_User_Login1" time="4.596"/>
  <testcase classname="UAT_SIP2.Dealer_User_Login" name="Click_On_SIP" time="5.11"/>
  <testcase classname="UAT_SIP2.Pending_Booking_Sorting" name="Click_On_Additional_Fillter_To_Clear_Data" time="6.311"/>
  <testcase classname="UAT_SIP2.Pending_Booking_Sorting" name="Click_On_Items_Per_Page" time="0.178"/>
  <testcase classname="UAT_SIP2.Pending_Booking_Sorting" name="Sale_Executive_Name_Sorting" time="3.565">
    <failure type="java.lang.AssertionError" message="(Pending-Booking) Total Count of Sales Executive Name In Lowercase: 16
The following Sales Executive Name are not in uppercase: Manish Sharma, Manish Sharma, Manish Sharma, Manish Sharma, Rakesh Kumawat, Rakesh Kumawat, Rakesh Kumawat, Rakesh Kumawat, Rakesh Kumawat, Somya Sharma Sharma, Sumer Singh, Zaid Qureshi, Zaid Qureshi, Zaid Qureshi, Zaid Qureshi, Zaid Qureshi">
      <![CDATA[java.lang.AssertionError: (Pending-Booking) Total Count of Sales Executive Name In Lowercase: 16
The following Sales Executive Name are not in uppercase: Manish Sharma, Manish Sharma, Manish Sharma, Manish Sharma, Rakesh Kumawat, Rakesh Kumawat, Rakesh Kumawat, Rakesh Kumawat, Rakesh Kumawat, Somya Sharma Sharma, Sumer Singh, Zaid Qureshi, Zaid Qureshi, Zaid Qureshi, Zaid Qureshi, Zaid Qureshi
at UAT_SIP2.Pending_Booking_Sorting.Sale_Executive_Name_Sorting(Pending_Booking_Sorting.java:104)
at java.base/java.util.ArrayList.forEach(ArrayList.java:1597)
... Removed 26 stack frames]]>
    </failure>
  </testcase> <!-- Sale_Executive_Name_Sorting -->
  <testcase classname="UAT_SIP2.Pending_Booking_Sorting" name="Cutomer_Name_Sorting" time="3.477">
    <failure type="java.lang.AssertionError" message="(Pending-Booking)Total Count of customers name In Lowercase: 1
The following customers name are not in uppercase: shnakr SINGH">
      <![CDATA[java.lang.AssertionError: (Pending-Booking)Total Count of customers name In Lowercase: 1
The following customers name are not in uppercase: shnakr SINGH
at UAT_SIP2.Pending_Booking_Sorting.Cutomer_Name_Sorting(Pending_Booking_Sorting.java:141)
at java.base/java.util.ArrayList.forEach(ArrayList.java:1597)
... Removed 26 stack frames]]>
    </failure>
  </testcase> <!-- Cutomer_Name_Sorting -->
  <testcase classname="UAT_SIP2.Pending_Booking_Sorting" name="verify_Booking_Date_Sorting" time="2.618"/>
  <testcase classname="UAT_SIP2.Pending_Booking_Sorting" name="Model_Name_Sorting" time="3.458">
    <failure type="java.lang.AssertionError" message="(Pending-Booking) Total Count of Model name In Lowercase: 29
The following Model name are not in uppercase: Dazzling New Dzire, Dazzling New Dzire, Dazzling New Dzire, Dazzling New Dzire, Dazzling New Dzire, Dazzling New Dzire, Epic New Swift, Epic New Swift, Epic New Swift, Epic New Swift, Epic New Swift, Epic New Swift, Epic New Swift, Epic New Swift, Epic New Swift, Epic New Swift, Epic New Swift, Epic New Swift, Epic New Swift, Epic New Swift, Epic New Swift, Epic New Swift, Epic New Swift, Epic New Swift, WagonR, WagonR, WagonR, WagonR, WagonR">
      <![CDATA[java.lang.AssertionError: (Pending-Booking) Total Count of Model name In Lowercase: 29
The following Model name are not in uppercase: Dazzling New Dzire, Dazzling New Dzire, Dazzling New Dzire, Dazzling New Dzire, Dazzling New Dzire, Dazzling New Dzire, Epic New Swift, Epic New Swift, Epic New Swift, Epic New Swift, Epic New Swift, Epic New Swift, Epic New Swift, Epic New Swift, Epic New Swift, Epic New Swift, Epic New Swift, Epic New Swift, Epic New Swift, Epic New Swift, Epic New Swift, Epic New Swift, Epic New Swift, Epic New Swift, WagonR, WagonR, WagonR, WagonR, WagonR
at UAT_SIP2.Pending_Booking_Sorting.Model_Name_Sorting(Pending_Booking_Sorting.java:201)
at java.base/java.util.ArrayList.forEach(ArrayList.java:1597)
... Removed 26 stack frames]]>
    </failure>
  </testcase> <!-- Model_Name_Sorting -->
  <testcase classname="UAT_SIP2.Pending_Booking_Sorting" name="Varient_Sorting" time="3.434">
    <failure type="java.lang.AssertionError" message="Sorting failed (Pending-Booking) in Varient: Lists differ at element [0]: MARUTI ALTO K10 LXI 1L 5MT != MARUTI EECO 5 STR AC (O) CNG 1.2L 5MT expected [MARUTI ALTO K10 LXI 1L 5MT] but found [MARUTI EECO 5 STR AC (O) CNG 1.2L 5MT]">
      <![CDATA[java.lang.AssertionError: Sorting failed (Pending-Booking) in Varient: Lists differ at element [0]: MARUTI ALTO K10 LXI 1L 5MT != MARUTI EECO 5 STR AC (O) CNG 1.2L 5MT expected [MARUTI ALTO K10 LXI 1L 5MT] but found [MARUTI EECO 5 STR AC (O) CNG 1.2L 5MT]
at UAT_SIP2.Pending_Booking_Sorting.Varient_Sorting(Pending_Booking_Sorting.java:244)
at java.base/java.util.ArrayList.forEach(ArrayList.java:1597)
... Removed 29 stack frames]]>
    </failure>
  </testcase> <!-- Varient_Sorting -->
  <testcase classname="UAT_SIP2.Pending_Booking_Sorting" name="Colour_Sorting" time="3.406"/>
  <testcase classname="UAT_SIP2.Pending_Booking_Sorting" name="Booking_ID_Sorting" time="3.484"/>
  <testcase classname="UAT_SIP2.Cancelled_Booking_Sorting" name="Click_On_Cancelled_Booking" time="2.124"/>
  <testcase classname="UAT_SIP2.Cancelled_Booking_Sorting" name="Click_On_Items_Per_Page" time="0.162"/>
  <testcase classname="UAT_SIP2.Cancelled_Booking_Sorting" name="Sale_Executive_Name_Sorting" time="3.41">
    <failure type="java.lang.AssertionError" message="(Cancelled-Booking) Total Count of Sales Executive Name In Lowercase: 16
The following Sales Executive Name are not in uppercase: Manish Sharma, Manish Sharma, Manish Sharma, Manish Sharma, Rakesh Kumawat, Rakesh Kumawat, Rakesh Kumawat, Rakesh Kumawat, Rakesh Kumawat, Somya Sharma Sharma, Sumer Singh, Zaid Qureshi, Zaid Qureshi, Zaid Qureshi, Zaid Qureshi, Zaid Qureshi">
      <![CDATA[java.lang.AssertionError: (Cancelled-Booking) Total Count of Sales Executive Name In Lowercase: 16
The following Sales Executive Name are not in uppercase: Manish Sharma, Manish Sharma, Manish Sharma, Manish Sharma, Rakesh Kumawat, Rakesh Kumawat, Rakesh Kumawat, Rakesh Kumawat, Rakesh Kumawat, Somya Sharma Sharma, Sumer Singh, Zaid Qureshi, Zaid Qureshi, Zaid Qureshi, Zaid Qureshi, Zaid Qureshi
at UAT_SIP2.Cancelled_Booking_Sorting.Sale_Executive_Name_Sorting(Cancelled_Booking_Sorting.java:79)
at java.base/java.util.ArrayList.forEach(ArrayList.java:1597)
... Removed 26 stack frames]]>
    </failure>
  </testcase> <!-- Sale_Executive_Name_Sorting -->
  <testcase classname="UAT_SIP2.Cancelled_Booking_Sorting" name="Cutomer_Name_Sorting" time="3.41">
    <failure type="java.lang.AssertionError" message="(Cancelled-Booking) Total Count of customers name In Lowercase: 1
The following customers name are not in uppercase: shnakr SINGH">
      <![CDATA[java.lang.AssertionError: (Cancelled-Booking) Total Count of customers name In Lowercase: 1
The following customers name are not in uppercase: shnakr SINGH
at UAT_SIP2.Cancelled_Booking_Sorting.Cutomer_Name_Sorting(Cancelled_Booking_Sorting.java:116)
at java.base/java.util.ArrayList.forEach(ArrayList.java:1597)
... Removed 26 stack frames]]>
    </failure>
  </testcase> <!-- Cutomer_Name_Sorting -->
  <testcase classname="UAT_SIP2.Cancelled_Booking_Sorting" name="verify_Booking_Date_Sorting" time="2.242">
    <failure type="org.openqa.selenium.ElementClickInterceptedException" message="element click intercepted: Element &amp;lt;div class=&amp;quot;mat-sort-header-content ng-tns-c1267148319-5&amp;quot;&amp;gt;...&amp;lt;/div&amp;gt; is not clickable at point (315, 82). Other element would receive the click: &amp;lt;div _ngcontent-ng-c3730288547=&amp;quot;&amp;quot; class=&amp;quot;loader ng-star-inserted&amp;quot;&amp;gt;...&amp;lt;/div&amp;gt;
  (Session info: chrome=133.0.6943.127)
Build info: version: &amp;apos;4.21.0&amp;apos;, revision: &amp;apos;79ed462ef4&amp;apos;
System info: os.name: &amp;apos;Windows 11&amp;apos;, os.arch: &amp;apos;amd64&amp;apos;, os.version: &amp;apos;10.0&amp;apos;, java.version: &amp;apos;22.0.1&amp;apos;
Driver info: org.openqa.selenium.chrome.ChromeDriver
Command: [8a0dd6559b231aab6fd519eb6fdc62bc, clickElement {id=f.041B020A6FD7C98365857CDFDDF26ED1.d.E71D30CB75E0800057FAB5D04AFFB208.e.290}]
Capabilities {acceptInsecureCerts: false, browserName: chrome, browserVersion: 133.0.6943.127, chrome: {chromedriverVersion: 133.0.6943.126 (cffa127ce7b..., userDataDir: C:\Users\AA\AppData\Local\T...}, fedcm:accounts: true, goog:chromeOptions: {debuggerAddress: localhost:56677}, networkConnectionEnabled: false, pageLoadStrategy: normal, platformName: windows, proxy: Proxy(), se:cdp: ws://localhost:56677/devtoo..., se:cdpVersion: 133.0.6943.127, setWindowRect: true, strictFileInteractability: false, timeouts: {implicit: 0, pageLoad: 300000, script: 30000}, unhandledPromptBehavior: dismiss and notify, webauthn:extension:credBlob: true, webauthn:extension:largeBlob: true, webauthn:extension:minPinLength: true, webauthn:extension:prf: true, webauthn:virtualAuthenticators: true}
Element: [[ChromeDriver: chrome on windows (8a0dd6559b231aab6fd519eb6fdc62bc)] -&amp;gt; xpath: //*[text()=&amp;quot;Booking Date&amp;quot;]]
Session ID: 8a0dd6559b231aab6fd519eb6fdc62bc">
      <![CDATA[org.openqa.selenium.ElementClickInterceptedException: element click intercepted: Element <div class="mat-sort-header-content ng-tns-c1267148319-5">...</div> is not clickable at point (315, 82). Other element would receive the click: <div _ngcontent-ng-c3730288547="" class="loader ng-star-inserted">...</div>
  (Session info: chrome=133.0.6943.127)
Build info: version: '4.21.0', revision: '79ed462ef4'
System info: os.name: 'Windows 11', os.arch: 'amd64', os.version: '10.0', java.version: '22.0.1'
Driver info: org.openqa.selenium.chrome.ChromeDriver
Command: [8a0dd6559b231aab6fd519eb6fdc62bc, clickElement {id=f.041B020A6FD7C98365857CDFDDF26ED1.d.E71D30CB75E0800057FAB5D04AFFB208.e.290}]
Capabilities {acceptInsecureCerts: false, browserName: chrome, browserVersion: 133.0.6943.127, chrome: {chromedriverVersion: 133.0.6943.126 (cffa127ce7b..., userDataDir: C:\Users\AA\AppData\Local\T...}, fedcm:accounts: true, goog:chromeOptions: {debuggerAddress: localhost:56677}, networkConnectionEnabled: false, pageLoadStrategy: normal, platformName: windows, proxy: Proxy(), se:cdp: ws://localhost:56677/devtoo..., se:cdpVersion: 133.0.6943.127, setWindowRect: true, strictFileInteractability: false, timeouts: {implicit: 0, pageLoad: 300000, script: 30000}, unhandledPromptBehavior: dismiss and notify, webauthn:extension:credBlob: true, webauthn:extension:largeBlob: true, webauthn:extension:minPinLength: true, webauthn:extension:prf: true, webauthn:virtualAuthenticators: true}
Element: [[ChromeDriver: chrome on windows (8a0dd6559b231aab6fd519eb6fdc62bc)] -> xpath: //*[text()="Booking Date"]]
Session ID: 8a0dd6559b231aab6fd519eb6fdc62bc
at org.openqa.selenium.remote.ErrorCodec.decode(ErrorCodec.java:167)
at org.openqa.selenium.remote.codec.w3c.W3CHttpResponseCodec.decode(W3CHttpResponseCodec.java:138)
at org.openqa.selenium.remote.codec.w3c.W3CHttpResponseCodec.decode(W3CHttpResponseCodec.java:50)
at org.openqa.selenium.remote.HttpCommandExecutor.execute(HttpCommandExecutor.java:190)
at org.openqa.selenium.remote.service.DriverCommandExecutor.invokeExecute(DriverCommandExecutor.java:216)
at org.openqa.selenium.remote.service.DriverCommandExecutor.execute(DriverCommandExecutor.java:174)
at org.openqa.selenium.remote.RemoteWebDriver.execute(RemoteWebDriver.java:518)
at org.openqa.selenium.remote.RemoteWebElement.execute(RemoteWebElement.java:223)
at org.openqa.selenium.remote.RemoteWebElement.click(RemoteWebElement.java:76)
at UAT_SIP2.Cancelled_Booking_Sorting.verify_Booking_Date_Sorting(Cancelled_Booking_Sorting.java:133)
at java.base/java.util.ArrayList.forEach(ArrayList.java:1597)
... Removed 28 stack frames]]>
    </failure>
  </testcase> <!-- verify_Booking_Date_Sorting -->
  <testcase classname="UAT_SIP2.Cancelled_Booking_Sorting" name="Model_Name_Sorting" time="3.371">
    <failure type="java.lang.AssertionError" message="(Cancelled-Booking) Total Count of Model name In Lowercase: 29
The following Model name are not in uppercase: Dazzling New Dzire, Dazzling New Dzire, Dazzling New Dzire, Dazzling New Dzire, Dazzling New Dzire, Dazzling New Dzire, Epic New Swift, Epic New Swift, Epic New Swift, Epic New Swift, Epic New Swift, Epic New Swift, Epic New Swift, Epic New Swift, Epic New Swift, Epic New Swift, Epic New Swift, Epic New Swift, Epic New Swift, Epic New Swift, Epic New Swift, Epic New Swift, Epic New Swift, Epic New Swift, WagonR, WagonR, WagonR, WagonR, WagonR">
      <![CDATA[java.lang.AssertionError: (Cancelled-Booking) Total Count of Model name In Lowercase: 29
The following Model name are not in uppercase: Dazzling New Dzire, Dazzling New Dzire, Dazzling New Dzire, Dazzling New Dzire, Dazzling New Dzire, Dazzling New Dzire, Epic New Swift, Epic New Swift, Epic New Swift, Epic New Swift, Epic New Swift, Epic New Swift, Epic New Swift, Epic New Swift, Epic New Swift, Epic New Swift, Epic New Swift, Epic New Swift, Epic New Swift, Epic New Swift, Epic New Swift, Epic New Swift, Epic New Swift, Epic New Swift, WagonR, WagonR, WagonR, WagonR, WagonR
at UAT_SIP2.Cancelled_Booking_Sorting.Model_Name_Sorting(Cancelled_Booking_Sorting.java:176)
at java.base/java.util.ArrayList.forEach(ArrayList.java:1597)
... Removed 26 stack frames]]>
    </failure>
  </testcase> <!-- Model_Name_Sorting -->
  <testcase classname="UAT_SIP2.Cancelled_Booking_Sorting" name="Varient_Sorting" time="3.377">
    <failure type="java.lang.AssertionError" message="Sorting failed (Cancelled-Booking) in Varient: Lists differ at element [0]: MARUTI ALTO K10 LXI 1L 5MT != MARUTI WAGON R VXI CNG 1L 5MT expected [MARUTI ALTO K10 LXI 1L 5MT] but found [MARUTI WAGON R VXI CNG 1L 5MT]">
      <![CDATA[java.lang.AssertionError: Sorting failed (Cancelled-Booking) in Varient: Lists differ at element [0]: MARUTI ALTO K10 LXI 1L 5MT != MARUTI WAGON R VXI CNG 1L 5MT expected [MARUTI ALTO K10 LXI 1L 5MT] but found [MARUTI WAGON R VXI CNG 1L 5MT]
at UAT_SIP2.Cancelled_Booking_Sorting.Varient_Sorting(Cancelled_Booking_Sorting.java:219)
at java.base/java.util.ArrayList.forEach(ArrayList.java:1597)
... Removed 29 stack frames]]>
    </failure>
  </testcase> <!-- Varient_Sorting -->
  <testcase classname="UAT_SIP2.Cancelled_Booking_Sorting" name="Colour_Sorting" time="3.325"/>
  <testcase classname="UAT_SIP2.Cancelled_Booking_Sorting" name="Booking_ID_Sorting" time="3.465"/>
  <testcase classname="UAT_SIP2.Tentative_Waiting_and_Final_Delivery_Date" name="Click_On_Pending_Booking" time="2.102"/>
  <testcase classname="UAT_SIP2.Tentative_Waiting_and_Final_Delivery_Date" name="Click_Customer" time="12.207">
    <failure type="java.lang.AssertionError" message="Test FAILED  n/ ::In (Pending Booking),Vehicle Details is not showing after Open Customer page::">
      <![CDATA[java.lang.AssertionError: Test FAILED  n/ ::In (Pending Booking),Vehicle Details is not showing after Open Customer page::
at UAT_SIP2.Tentative_Waiting_and_Final_Delivery_Date.Click_Customer(Tentative_Waiting_and_Final_Delivery_Date.java:49)
at java.base/java.util.ArrayList.forEach(ArrayList.java:1597)
... Removed 26 stack frames]]>
    </failure>
  </testcase> <!-- Click_Customer -->
  <testcase classname="UAT_SIP2.Tentative_Waiting_and_Final_Delivery_Date" name="Tentative_Waiting_Period_Difference" time="10.155">
    <failure type="java.lang.AssertionError" message="TEST FAILED :: In(Pending Booking),Error occurred while Tentative Waiting Period Difference. Possible LoadTime issue  ::">
      <![CDATA[java.lang.AssertionError: TEST FAILED :: In(Pending Booking),Error occurred while Tentative Waiting Period Difference. Possible LoadTime issue  ::
at UAT_SIP2.Tentative_Waiting_and_Final_Delivery_Date.Tentative_Waiting_Period_Difference(Tentative_Waiting_and_Final_Delivery_Date.java:89)
at java.base/java.util.ArrayList.forEach(ArrayList.java:1597)
... Removed 26 stack frames]]>
    </failure>
  </testcase> <!-- Tentative_Waiting_Period_Difference -->
  <testcase classname="UAT_SIP2.Tentative_Waiting_and_Final_Delivery_Date" name="Edit_Final_Delivery_Date" time="12.13">
    <failure type="java.lang.AssertionError" message="TEST FAILED :: In(Pending Booking),Error occurred while editing final delivery date. Possible LoadTime issue ">
      <![CDATA[java.lang.AssertionError: TEST FAILED :: In(Pending Booking),Error occurred while editing final delivery date. Possible LoadTime issue 
at UAT_SIP2.Tentative_Waiting_and_Final_Delivery_Date.Edit_Final_Delivery_Date(Tentative_Waiting_and_Final_Delivery_Date.java:129)
at java.base/java.util.ArrayList.forEach(ArrayList.java:1597)
... Removed 26 stack frames]]>
    </failure>
  </testcase> <!-- Edit_Final_Delivery_Date -->
  <testcase classname="UAT_SIP2.Customer_Query" name="Product_Query_Flow" time="11.62"/>
  <testcase classname="UAT_SIP2.Customer_Query" name="Validate_Product_Query" time="1.519"/>
  <testcase classname="UAT_SIP2.Customer_Query" name="Payment_Query_Flow" time="11.202"/>
  <testcase classname="UAT_SIP2.Customer_Query" name="Validate_Payment_Query" time="1.522"/>
  <testcase classname="UAT_SIP2.Customer_Query" name="Extended_Warranty_Payment_Query" time="1.533"/>
  <testcase classname="UAT_SIP2.Customer_Query" name="Extended_Warranty_Query_Flow" time="11.186"/>
  <testcase classname="UAT_SIP2.Customer_Query" name="Maruti_Insurance_Query_Flow" time="11.452"/>
  <testcase classname="UAT_SIP2.Customer_Query" name="Maruti_Insurance_Query" time="1.517"/>
  <testcase classname="UAT_SIP2.Customer_Query" name="Loyalty_Card_Query_Flow" time="11.396"/>
  <testcase classname="UAT_SIP2.Customer_Query" name="Loyalty_Card_Query" time="1.517"/>
  <testcase classname="UAT_SIP2.Customer_Query" name="True_Value_Query_Flow" time="11.208"/>
  <testcase classname="UAT_SIP2.Customer_Query" name="True_Value_Query" time="1.541"/>
  <testcase classname="UAT_SIP2.Customer_Query" name="Delivery_Query_Flow" time="11.262"/>
  <testcase classname="UAT_SIP2.Customer_Query" name="Delivery_Query" time="1.532"/>
  <testcase classname="UAT_SIP2.Customer_Query" name="MSGA_Flow" time="11.425"/>
  <testcase classname="UAT_SIP2.Customer_Query" name="MSGA_Query" time="1.532"/>
  <testcase classname="UAT_SIP2.Customer_Query" name="Booking_Amendment_Flow" time="11.348"/>
  <testcase classname="UAT_SIP2.Customer_Query" name="Booking_Amendment_Query" time="1.536"/>
  <testcase classname="UAT_SIP2.Customer_Query" name="Others_Flow" time="11.385"/>
  <testcase classname="UAT_SIP2.Customer_Query" name="Others_Query" time="1.525"/>
  <testcase classname="UAT_SIP2.Customer_Tag" name="Verify_VIP" time="3.511"/>
  <testcase classname="UAT_SIP2.Customer_Tag" name="Verify_Marriage" time="3.176"/>
  <testcase classname="UAT_SIP2.Customer_Tag" name="Verify_Birthday" time="3.262"/>
  <testcase classname="UAT_SIP2.Customer_Tag" name="Verify_Anniversary" time="3.3"/>
  <testcase classname="UAT_SIP2.Customer_Tag" name="Verify_Other" time="2.441"/>
</testsuite> <!-- UAT_SIP2 -->
