<?xml version="1.0" encoding="UTF-8"?>
<!-- Generated by org.testng.reporters.JUnitReportReporter -->
<testsuite hostname="DESKTOP-7SBKKJ1" failures="1" tests="24" name="SIP.Customer_Query" time="160.010" errors="0" timestamp="2025-02-25T14:19:30 IST" skipped="0">
  <testcase classname="SIP.Customer_Query" name="Dealer_User_Login1" time="6.507"/>
  <system-out/>
  <testcase classname="SIP.Customer_Query" name="Click_On_SIP" time="5.481"/>
  <system-out/>
  <testcase classname="SIP.Customer_Query" name="Click_On_Additional_Fillter_To_Clear_Data" time="6.165"/>
  <system-out/>
  <testcase classname="SIP.Customer_Query" name="Click_On_Customer_Page" time="10.713">
    <failure message="Test FAILED  ::In (Pending Booking),Vehicle Details is not showing after Open Customer page::" type="java.lang.AssertionError">
      <![CDATA[java.lang.AssertionError: Test FAILED  ::In (Pending Booking),Vehicle Details is not showing after Open Customer page::
at org.testng.Assert.fail(Assert.java:99)
at SIP.Customer_Query.Click_On_Customer_Page(Customer_Query.java:80)
at java.base/jdk.internal.reflect.DirectMethodHandleAccessor.invoke(DirectMethodHandleAccessor.java:103)
at java.base/java.lang.reflect.Method.invoke(Method.java:580)
at org.testng.internal.MethodInvocationHelper.invokeMethod(MethodInvocationHelper.java:133)
at org.testng.internal.TestInvoker.invokeMethod(TestInvoker.java:598)
at org.testng.internal.TestInvoker.invokeTestMethod(TestInvoker.java:173)
at org.testng.internal.MethodRunner.runInSequence(MethodRunner.java:46)
at org.testng.internal.TestInvoker$MethodInvocationAgent.invoke(TestInvoker.java:824)
at org.testng.internal.TestInvoker.invokeTestMethods(TestInvoker.java:146)
at org.testng.internal.TestMethodWorker.invokeTestMethods(TestMethodWorker.java:146)
at org.testng.internal.TestMethodWorker.run(TestMethodWorker.java:128)
at java.base/java.util.ArrayList.forEach(ArrayList.java:1597)
at org.testng.TestRunner.privateRun(TestRunner.java:794)
at org.testng.TestRunner.run(TestRunner.java:596)
at org.testng.SuiteRunner.runTest(SuiteRunner.java:377)
at org.testng.SuiteRunner.runSequentially(SuiteRunner.java:371)
at org.testng.SuiteRunner.privateRun(SuiteRunner.java:332)
at org.testng.SuiteRunner.run(SuiteRunner.java:276)
at org.testng.SuiteRunnerWorker.runSuite(SuiteRunnerWorker.java:53)
at org.testng.SuiteRunnerWorker.run(SuiteRunnerWorker.java:96)
at org.testng.TestNG.runSuitesSequentially(TestNG.java:1212)
at org.testng.TestNG.runSuitesLocally(TestNG.java:1134)
at org.testng.TestNG.runSuites(TestNG.java:1063)
at org.testng.TestNG.run(TestNG.java:1031)
at org.testng.remote.AbstractRemoteTestNG.run(AbstractRemoteTestNG.java:115)
at org.testng.remote.RemoteTestNG.initAndRun(RemoteTestNG.java:293)
at org.testng.remote.RemoteTestNG.main(RemoteTestNG.java:91)
]]>
    </failure>
  </testcase> <!-- Click_On_Customer_Page -->
  <system-out/>
  <testcase classname="SIP.Customer_Query" name="Product_Query_Flow" time="12.211"/>
  <system-out/>
  <testcase classname="SIP.Customer_Query" name="Validate_Product_Query" time="1.509"/>
  <system-out/>
  <testcase classname="SIP.Customer_Query" name="Payment_Query_Flow" time="11.965"/>
  <system-out/>
  <testcase classname="SIP.Customer_Query" name="Validate_Payment_Query" time="1.533"/>
  <system-out/>
  <testcase classname="SIP.Customer_Query" name="Extended_Warranty_Query_Flow" time="12.107"/>
  <system-out/>
  <testcase classname="SIP.Customer_Query" name="Extended_Warranty_Payment_Query" time="1.538"/>
  <system-out/>
  <testcase classname="SIP.Customer_Query" name="Maruti_Insurance_Query_Flow" time="12.044"/>
  <system-out/>
  <testcase classname="SIP.Customer_Query" name="Maruti_Insurance_Query" time="1.527"/>
  <system-out/>
  <testcase classname="SIP.Customer_Query" name="Loyalty_Card_Query_Flow" time="11.265"/>
  <system-out/>
  <testcase classname="SIP.Customer_Query" name="Loyalty_Card_Query" time="1.513"/>
  <system-out/>
  <testcase classname="SIP.Customer_Query" name="True_Value_Query_Flow" time="11.287"/>
  <system-out/>
  <testcase classname="SIP.Customer_Query" name="True_Value_Query" time="1.518"/>
  <system-out/>
  <testcase classname="SIP.Customer_Query" name="Delivery_Query_Flow" time="11.317"/>
  <system-out/>
  <testcase classname="SIP.Customer_Query" name="Delivery_Query" time="1.523"/>
  <system-out/>
  <testcase classname="SIP.Customer_Query" name="MSGA_Flow" time="11.153"/>
  <system-out/>
  <testcase classname="SIP.Customer_Query" name="MSGA_Query" time="1.515"/>
  <system-out/>
  <testcase classname="SIP.Customer_Query" name="Booking_Amendment_Flow" time="11.313"/>
  <system-out/>
  <testcase classname="SIP.Customer_Query" name="Booking_Amendment_Query" time="1.524"/>
  <system-out/>
  <testcase classname="SIP.Customer_Query" name="Others_Flow" time="11.257"/>
  <system-out/>
  <testcase classname="SIP.Customer_Query" name="Others_Query" time="1.525"/>
  <system-out/>
</testsuite> <!-- SIP.Customer_Query -->
